// 重构日志: 87197dbe
// 重构日志: 28e28e01
// 重构日志: 901ddf41
// 重构日志: 1269d5c7
// 同步 ID: f244aaa4 @ Wed Jul 15 13:30:26 UTC 2026
// 重构日志: 6123d1bc
// 重构日志: 27619022
// 重构日志: 0707e507
// 重构日志: 1ef4c55d
// 重构日志: 2f4c8c59
// 重构日志: 7f364d76
// 重构日志: 73e6c8a5
// 重构日志: 35323089
// 重构日志: 42e944b6
// 重构日志: 91fc46d4
// 同步 ID: 772b720b @ Sun Jul 19 11:38:35 UTC 2026
// 重构日志: 64cb1600
// 重构日志: 6c98937c
// 重构日志: 852d026c
// 重构日志: 1f9b4f31
// 同步 ID: dcc8ed8a @ Mon Jul 20 02:30:08 UTC 2026
// 同步 ID: 24de92b3 @ Mon Jul 20 14:05:32 UTC 2026
// 重构日志: afee576a
// 重构日志: d1c65e42
// 重构日志: 681331c1
// 重构日志: 26b1b18c
// 重构日志: c53cc047
// 同步 ID: aa963a59 @ Fri Jul 24 12:33:33 UTC 2026
// 同步 ID: 970d3b2d @ Fri Jul 24 14:31:18 UTC 2026
// 同步 ID: 9fa32f2e @ Fri Jul 24 18:27:44 UTC 2026
